<?xml version="1.0" encoding="UTF-8"?>
<coverage generated="1568837433683" clover="3.2.0">
  <project timestamp="1568837433683" name="All files">
    <metrics statements="15" coveredstatements="12" conditionals="2" coveredconditionals="2" methods="6" coveredmethods="4" elements="23" coveredelements="18" complexity="0" loc="15" ncloc="15" packages="1" files="1" classes="1"/>
    <file name="files-promise.js" path="/Users/newboco/Desktop/deltav401d4/401-DeltaV-2019/lab-03/lib/files-promise.js">
      <metrics statements="15" coveredstatements="12" conditionals="2" coveredconditionals="2" methods="6" coveredmethods="4"/>
      <line num="3" count="1" type="stmt"/>
      <line num="4" count="1" type="stmt"/>
      <line num="5" count="1" type="stmt"/>
      <line num="6" count="1" type="stmt"/>
      <line num="8" count="1" type="stmt"/>
      <line num="16" count="2" type="stmt"/>
      <line num="18" count="2" type="stmt"/>
      <line num="19" count="2" type="stmt"/>
      <line num="20" count="0" type="stmt"/>
      <line num="22" count="0" type="stmt"/>
      <line num="29" count="1" type="stmt"/>
      <line num="30" count="3" type="cond" truecount="2" falsecount="0"/>
      <line num="31" count="3" type="stmt"/>
      <line num="32" count="3" type="stmt"/>
      <line num="33" count="0" type="stmt"/>
    </file>
  </project>
</coverage>
