{"/Users/newboco/Desktop/deltav401d4/401-DeltaV-2019/lab-03/lib/files-promise.js": {"path":"/Users/newboco/Desktop/deltav401d4/401-DeltaV-2019/lab-03/lib/files-promise.js","statementMap":{"0":{"start":{"line":3,"column":11},"end":{"line":3,"column":24}},"1":{"start":{"line":4,"column":13},"end":{"line":4,"column":28}},"2":{"start":{"line":5,"column":14},"end":{"line":5,"column":42}},"3":{"start":{"line":6,"column":13},"end":{"line":6,"column":40}},"4":{"start":{"line":8,"column":0},"end":{"line":8,"column":30}},"5":{"start":{"line":16,"column":0},"end":{"line":22,"column":30}},"6":{"start":{"line":16,"column":25},"end":{"line":22,"column":29}},"7":{"start":{"line":18,"column":4},"end":{"line":20,"column":40}},"8":{"start":{"line":19,"column":6},"end":{"line":19,"column":52}},"9":{"start":{"line":20,"column":17},"end":{"line":20,"column":38}},"10":{"start":{"line":22,"column":17},"end":{"line":22,"column":27}},"11":{"start":{"line":29,"column":0},"end":{"line":34,"column":2}},"12":{"start":{"line":30,"column":17},"end":{"line":30,"column":86}},"13":{"start":{"line":31,"column":2},"end":{"line":33,"column":32}},"14":{"start":{"line":32,"column":22},"end":{"line":32,"column":29}},"15":{"start":{"line":33,"column":19},"end":{"line":33,"column":29}}},"fnMap":{"0":{"name":"(anonymous_0)","decl":{"start":{"line":16,"column":15},"end":{"line":16,"column":16}},"loc":{"start":{"line":16,"column":25},"end":{"line":22,"column":29}},"line":16},"1":{"name":"(anonymous_1)","decl":{"start":{"line":17,"column":9},"end":{"line":17,"column":10}},"loc":{"start":{"line":17,"column":21},"end":{"line":21,"column":3}},"line":17},"2":{"name":"(anonymous_2)","decl":{"start":{"line":22,"column":9},"end":{"line":22,"column":10}},"loc":{"start":{"line":22,"column":16},"end":{"line":22,"column":28}},"line":22},"3":{"name":"(anonymous_3)","decl":{"start":{"line":29,"column":16},"end":{"line":29,"column":17}},"loc":{"start":{"line":29,"column":32},"end":{"line":34,"column":1}},"line":29},"4":{"name":"(anonymous_4)","decl":{"start":{"line":32,"column":11},"end":{"line":32,"column":12}},"loc":{"start":{"line":32,"column":22},"end":{"line":32,"column":29}},"line":32},"5":{"name":"(anonymous_5)","decl":{"start":{"line":33,"column":11},"end":{"line":33,"column":12}},"loc":{"start":{"line":33,"column":18},"end":{"line":33,"column":30}},"line":33}},"branchMap":{"0":{"loc":{"start":{"line":30,"column":30},"end":{"line":30,"column":84}},"type":"cond-expr","locations":[{"start":{"line":30,"column":57},"end":{"line":30,"column":77}},{"start":{"line":30,"column":80},"end":{"line":30,"column":84}}],"line":30}},"s":{"0":1,"1":1,"2":1,"3":1,"4":1,"5":1,"6":2,"7":2,"8":2,"9":0,"10":0,"11":1,"12":3,"13":3,"14":3,"15":0},"f":{"0":2,"1":2,"2":0,"3":3,"4":3,"5":0},"b":{"0":[1,2]},"_coverageSchema":"43e27e138ebf9cfc5966b082cf9a028302ed4184","hash":"646db8fc8ccdea750f5cf88ea9aeed92266d8897"}
}
