TN:
SF:/Users/newboco/Desktop/deltav401d4/401-DeltaV-2019/lab-03/lib/files-promise.js
FN:16,(anonymous_0)
FN:17,(anonymous_1)
FN:22,(anonymous_2)
FN:29,(anonymous_3)
FN:32,(anonymous_4)
FN:33,(anonymous_5)
FNF:6
FNH:4
FNDA:2,(anonymous_0)
FNDA:2,(anonymous_1)
FNDA:0,(anonymous_2)
FNDA:3,(anonymous_3)
FNDA:3,(anonymous_4)
FNDA:0,(anonymous_5)
DA:3,1
DA:4,1
DA:5,1
DA:6,1
DA:8,1
DA:16,2
DA:18,2
DA:19,2
DA:20,0
DA:22,0
DA:29,1
DA:30,3
DA:31,3
DA:32,3
DA:33,0
LF:15
LH:12
BRDA:30,0,0,1
BRDA:30,0,1,2
BRF:2
BRH:2
end_of_record
